c:\users\erikb\documents\github\renderingstuff\optix\build\optprops\optprops.dir\debug\lorenzmie.obj
c:\users\erikb\documents\github\renderingstuff\optix\build\optprops\optprops.dir\debug\milk.obj
c:\users\erikb\documents\github\renderingstuff\optix\build\optprops\optprops.dir\debug\xmlparser.obj
c:\users\erikb\documents\github\renderingstuff\optix\build\optprops\optprops.dir\debug\parse.obj
c:\users\erikb\documents\github\renderingstuff\optix\build\optprops\optprops.dir\debug\orange_juice.obj
c:\users\erikb\documents\github\renderingstuff\optix\build\optprops\optprops.dir\debug\glass.obj
c:\users\erikb\documents\github\renderingstuff\optix\build\optprops\optprops.dir\debug\string_utils.obj
c:\users\erikb\documents\github\renderingstuff\optix\build\optprops\optprops.dir\debug\incandescent.obj
c:\users\erikb\documents\github\renderingstuff\optix\build\optprops\optprops.dir\debug\load_mpml.obj
c:\users\erikb\documents\github\renderingstuff\optix\build\optprops\optprops.dir\debug\sun.obj
c:\users\erikb\documents\github\renderingstuff\optix\build\optprops\optprops.dir\debug\medium.obj
c:\users\erikb\documents\github\renderingstuff\optix\build\optprops\optprops.dir\debug\water.obj
c:\users\erikb\documents\github\renderingstuff\optix\build\optprops\optprops.dir\debug\apple_juice.obj
c:\users\erikb\documents\github\renderingstuff\optix\build\optprops\optprops.dir\debug\vc143.pdb
c:\users\erikb\documents\github\renderingstuff\optix\build\optprops\cmakefiles\generate.stamp
c:\users\erikb\documents\github\renderingstuff\optix\build\bin\debug\optprops.dll
c:\users\erikb\documents\github\renderingstuff\optix\build\bin\debug\optprops.pdb
c:\users\erikb\documents\github\renderingstuff\optix\build\lib\debug\optprops.lib
c:\users\erikb\documents\github\renderingstuff\optix\build\lib\debug\optprops.exp
c:\users\erikb\documents\github\renderingstuff\optix\build\optprops\optprops.dir\debug\optprops.ilk
c:\users\erikb\documents\github\renderingstuff\optix\build\optprops\optprops.dir\debug\optprops.tlog\cl.12188.write.1.tlog
c:\users\erikb\documents\github\renderingstuff\optix\build\optprops\optprops.dir\debug\optprops.tlog\cl.command.1.tlog
c:\users\erikb\documents\github\renderingstuff\optix\build\optprops\optprops.dir\debug\optprops.tlog\cl.items.tlog
c:\users\erikb\documents\github\renderingstuff\optix\build\optprops\optprops.dir\debug\optprops.tlog\cl.read.1.tlog
c:\users\erikb\documents\github\renderingstuff\optix\build\optprops\optprops.dir\debug\optprops.tlog\custombuild.command.1.tlog
c:\users\erikb\documents\github\renderingstuff\optix\build\optprops\optprops.dir\debug\optprops.tlog\custombuild.read.1.tlog
c:\users\erikb\documents\github\renderingstuff\optix\build\optprops\optprops.dir\debug\optprops.tlog\custombuild.write.1.tlog
c:\users\erikb\documents\github\renderingstuff\optix\build\optprops\optprops.dir\debug\optprops.tlog\link.command.1.tlog
c:\users\erikb\documents\github\renderingstuff\optix\build\optprops\optprops.dir\debug\optprops.tlog\link.read.1.tlog
c:\users\erikb\documents\github\renderingstuff\optix\build\optprops\optprops.dir\debug\optprops.tlog\link.secondary.1.tlog
c:\users\erikb\documents\github\renderingstuff\optix\build\optprops\optprops.dir\debug\optprops.tlog\link.write.1.tlog
