  Building NVCC optixir file lib/ptx/Debug/render_generated_shaders.cu.optixir
  shaders.cu
C:\Users\erikb\Documents\GitHub\RenderingStuff\Optix\render\shaders.cu(507): warning #177-D: variable "s" was declared but never referenced
      const float s = 1.0f/hit_group_data->mtl_inside.shininess;
                  ^
  
  Remark: The warnings can be suppressed with "-diag-suppress <warning-number>"
  
  shaders.cu
  Building Custom Rule C:/Users/erikb/Documents/GitHub/RenderingStuff/Optix/render/CMakeLists.txt
  CMake is re-running because C:/Users/erikb/Documents/GitHub/RenderingStuff/Optix/build/render/CMakeFiles/generate.stamp is out-of-date.
    the file 'C:/Users/erikb/Documents/GitHub/RenderingStuff/Optix/build/render/CMakeFiles/render.dir/render_generated_shaders.cu.optixir.depend'
    is newer than 'C:/Users/erikb/Documents/GitHub/RenderingStuff/Optix/build/render/CMakeFiles/generate.stamp.depend'
    result='-1'
  CMake Warning (dev) at CMakeLists.txt:82 (project):
    cmake_minimum_required() should be called prior to this top-level project()
    call.  Please see the cmake-commands(7) manual for usage documentation of
    both commands.
  This warning is for project developers.  Use -Wno-dev to suppress it.
  
  -- Selecting Windows SDK version 10.0.22621.0 to target Windows 10.0.19045.
  CMake Deprecation Warning at CMakeLists.txt:86 (cmake_minimum_required):
    Compatibility with CMake < 3.10 will be removed from a future version of
    CMake.
  
    Update the VERSION argument <min> value.  Or, use the <min>...<max> syntax
    to tell CMake that the project requires at least <min> but has been updated
    to work with policies introduced by <max> or earlier.
  
  
  CMake Deprecation Warning at CMakeLists.txt:94 (cmake_policy):
    Compatibility with CMake < 3.10 will be removed from a future version of
    CMake.
  
    Update the VERSION argument <min> value.  Or, use the <min>...<max> syntax
    to tell CMake that the project requires at least <min> but has been updated
    to work with policies introduced by <max> or earlier.
  
  
  sutil OPTIXIR
  ptx_files = C:/Users/erikb/Documents/GitHub/RenderingStuff/Optix/build/lib/ptx/$(Configuration)/sutil_generated_sphere.cu.optixir;C:/Users/erikb/Documents/GitHub/RenderingStuff/Optix/build/lib/ptx/$(Configuration)/sutil_generated_whitted.cu.optixir
  CMake Deprecation Warning at support/GLFW/CMakeLists.txt:5 (cmake_minimum_required):
    Compatibility with CMake < 3.10 will be removed from a future version of
    CMake.
  
    Update the VERSION argument <min> value.  Or, use the <min>...<max> syntax
    to tell CMake that the project requires at least <min> but has been updated
    to work with policies introduced by <max> or earlier.
  
  
  -- Could NOT find Vulkan (missing: VULKAN_LIBRARY VULKAN_INCLUDE_DIR) 
  -- Using Win32 for window creation
  -- Configuring done (0.3s)
  -- Generating done (0.4s)
  -- Build files have been written to: C:/Users/erikb/Documents/GitHub/RenderingStuff/Optix/build
  render.cpp
  ObjScene.cpp
  HDRLoader.cpp
  QuatTrackBall.cpp
  SunSky.cpp
     Creating library C:/Users/erikb/Documents/GitHub/RenderingStuff/Optix/build/lib/Debug/render.lib and object C:/Users/erikb/Documents/GitHub/RenderingStuff/Optix/build/lib/Debug/render.exp
LINK : warning LNK4098: defaultlib 'LIBCMT' conflicts with use of other libs; use /NODEFAULTLIB:library
  render.vcxproj -> C:\Users\erikb\Documents\GitHub\RenderingStuff\Optix\build\bin\Debug\render.exe
