c:\users\erikb\documents\github\renderingstuff\optix\build\support\glfw\src\glfw.dir\debug\win32_init.obj
c:\users\erikb\documents\github\renderingstuff\optix\build\support\glfw\src\glfw.dir\debug\egl_context.obj
c:\users\erikb\documents\github\renderingstuff\optix\build\support\glfw\src\glfw.dir\debug\input.obj
c:\users\erikb\documents\github\renderingstuff\optix\build\support\glfw\src\glfw.dir\debug\win32_window.obj
c:\users\erikb\documents\github\renderingstuff\optix\build\support\glfw\src\glfw.dir\debug\win32_joystick.obj
c:\users\erikb\documents\github\renderingstuff\optix\build\support\glfw\src\glfw.dir\debug\window.obj
c:\users\erikb\documents\github\renderingstuff\optix\build\support\glfw\src\glfw.dir\debug\vulkan.obj
c:\users\erikb\documents\github\renderingstuff\optix\build\support\glfw\src\glfw.dir\debug\wgl_context.obj
c:\users\erikb\documents\github\renderingstuff\optix\build\support\glfw\src\glfw.dir\debug\init.obj
c:\users\erikb\documents\github\renderingstuff\optix\build\support\glfw\src\glfw.dir\debug\win32_tls.obj
c:\users\erikb\documents\github\renderingstuff\optix\build\support\glfw\src\glfw.dir\debug\context.obj
c:\users\erikb\documents\github\renderingstuff\optix\build\support\glfw\src\glfw.dir\debug\win32_monitor.obj
c:\users\erikb\documents\github\renderingstuff\optix\build\support\glfw\src\glfw.dir\debug\monitor.obj
c:\users\erikb\documents\github\renderingstuff\optix\build\support\glfw\src\glfw.dir\debug\win32_time.obj
c:\users\erikb\documents\github\renderingstuff\optix\build\support\glfw\src\glfw.dir\debug\vc143.pdb
c:\users\erikb\documents\github\renderingstuff\optix\build\support\glfw\src\cmakefiles\generate.stamp
c:\users\erikb\documents\github\renderingstuff\optix\build\bin\debug\glfw3.dll
c:\users\erikb\documents\github\renderingstuff\optix\build\bin\debug\glfw3.pdb
c:\users\erikb\documents\github\renderingstuff\optix\build\lib\debug\glfw3dll.lib
c:\users\erikb\documents\github\renderingstuff\optix\build\lib\debug\glfw3dll.exp
c:\users\erikb\documents\github\renderingstuff\optix\build\support\glfw\src\glfw.dir\debug\glfw3.ilk
c:\users\erikb\documents\github\renderingstuff\optix\build\support\glfw\src\glfw.dir\debug\glfw.tlog\cl.12308.write.1.tlog
c:\users\erikb\documents\github\renderingstuff\optix\build\support\glfw\src\glfw.dir\debug\glfw.tlog\cl.command.1.tlog
c:\users\erikb\documents\github\renderingstuff\optix\build\support\glfw\src\glfw.dir\debug\glfw.tlog\cl.items.tlog
c:\users\erikb\documents\github\renderingstuff\optix\build\support\glfw\src\glfw.dir\debug\glfw.tlog\cl.read.1.tlog
c:\users\erikb\documents\github\renderingstuff\optix\build\support\glfw\src\glfw.dir\debug\glfw.tlog\custombuild.command.1.tlog
c:\users\erikb\documents\github\renderingstuff\optix\build\support\glfw\src\glfw.dir\debug\glfw.tlog\custombuild.read.1.tlog
c:\users\erikb\documents\github\renderingstuff\optix\build\support\glfw\src\glfw.dir\debug\glfw.tlog\custombuild.write.1.tlog
c:\users\erikb\documents\github\renderingstuff\optix\build\support\glfw\src\glfw.dir\debug\glfw.tlog\link.command.1.tlog
c:\users\erikb\documents\github\renderingstuff\optix\build\support\glfw\src\glfw.dir\debug\glfw.tlog\link.read.1.tlog
c:\users\erikb\documents\github\renderingstuff\optix\build\support\glfw\src\glfw.dir\debug\glfw.tlog\link.secondary.1.tlog
c:\users\erikb\documents\github\renderingstuff\optix\build\support\glfw\src\glfw.dir\debug\glfw.tlog\link.write.1.tlog
