  Building NVCC optixir file lib/ptx/Debug/sutil_generated_sphere.cu.optixir
  sphere.cu
  sphere.cu
  Building NVCC optixir file lib/ptx/Debug/sutil_generated_whitted.cu.optixir
  whitted.cu
  whitted.cu
  Building Custom Rule D:/Github2/RenderingStuff/Optix/sutil/CMakeLists.txt
  CMake is re-running because D:/Github2/RenderingStuff/Optix/build/sutil/CMakeFiles/generate.stamp is out-of-date.
    the file 'D:/Github2/RenderingStuff/Optix/build/sutil/CMakeFiles/sutil.dir/__/cuda/sutil_generated_sphere.cu.optixir.depend'
    is newer than 'D:/Github2/RenderingStuff/Optix/build/sutil/CMakeFiles/generate.stamp.depend'
    result='-1'
  CMake Warning (dev) at CMakeLists.txt:82 (project):
    cmake_minimum_required() should be called prior to this top-level project()
    call.  Please see the cmake-commands(7) manual for usage documentation of
    both commands.
  This warning is for project developers.  Use -Wno-dev to suppress it.
  
  -- Selecting Windows SDK version 10.0.22621.0 to target Windows 10.0.19045.
  CMake Deprecation Warning at CMakeLists.txt:86 (cmake_minimum_required):
    Compatibility with CMake < 3.10 will be removed from a future version of
    CMake.
  
    Update the VERSION argument <min> value.  Or, use the <min>...<max> syntax
    to tell CMake that the project requires at least <min> but has been updated
    to work with policies introduced by <max> or earlier.
  
  
  CMake Deprecation Warning at CMakeLists.txt:94 (cmake_policy):
    Compatibility with CMake < 3.10 will be removed from a future version of
    CMake.
  
    Update the VERSION argument <min> value.  Or, use the <min>...<max> syntax
    to tell CMake that the project requires at least <min> but has been updated
    to work with policies introduced by <max> or earlier.
  
  
  sutil OPTIXIR
  ptx_files = D:/Github2/RenderingStuff/Optix/build/lib/ptx/$(Configuration)/sutil_generated_sphere.cu.optixir;D:/Github2/RenderingStuff/Optix/build/lib/ptx/$(Configuration)/sutil_generated_whitted.cu.optixir
  CMake Deprecation Warning at support/GLFW/CMakeLists.txt:5 (cmake_minimum_required):
    Compatibility with CMake < 3.10 will be removed from a future version of
    CMake.
  
    Update the VERSION argument <min> value.  Or, use the <min>...<max> syntax
    to tell CMake that the project requires at least <min> but has been updated
    to work with policies introduced by <max> or earlier.
  
  
  -- Could NOT find Vulkan (missing: VULKAN_LIBRARY VULKAN_INCLUDE_DIR) 
  -- Using Win32 for window creation
  -- Configuring done (0.3s)
  -- Generating done (0.3s)
  -- Build files have been written to: D:/Github2/RenderingStuff/Optix/build
  Camera.cpp
  GLDisplay.cpp
  PPMLoader.cpp
  Scene.cpp
  sutil.cpp
  Trackball.cpp
     Creating library D:/Github2/RenderingStuff/Optix/build/lib/Debug/sutil_7_sdk.lib and object D:/Github2/RenderingStuff/Optix/build/lib/Debug/sutil_7_sdk.exp
LINK : warning LNK4098: defaultlib 'LIBCMT' conflicts with use of other libs; use /NODEFAULTLIB:library
  sutil_7_sdk.vcxproj -> D:\Github2\RenderingStuff\Optix\build\bin\Debug\sutil_7_sdk.dll
